<?xml version="1.0" encoding="UTF-8"?>
<!-- Generated by org.testng.reporters.JUnitReportReporter -->
<testsuite hostname="LAPTOP-1GOPOLA3" failures="0" tests="25" name="Testcase.Application_Test" time="289.033" errors="0" timestamp="2021-05-02T21:51:04 IST" skipped="0">
  <testcase classname="Testcase.Application_Test" name="testd" time="11.391"/>
  <system-out/>
  <testcase classname="Testcase.Application_Test" name="testb" time="11.473"/>
  <system-out/>
  <testcase classname="Testcase.Application_Test" name="teste" time="11.683"/>
  <system-out/>
  <testcase classname="Testcase.Application_Test" name="testa" time="11.761"/>
  <system-out/>
  <testcase classname="Testcase.Application_Test" name="testb" time="11.410"/>
  <system-out/>
  <testcase classname="Testcase.Application_Test" name="testc" time="11.388"/>
  <system-out/>
  <testcase classname="Testcase.Application_Test" name="testd" time="11.358"/>
  <system-out/>
  <testcase classname="Testcase.Application_Test" name="testb" time="11.957"/>
  <system-out/>
  <testcase classname="Testcase.Application_Test" name="testd" time="11.419"/>
  <system-out/>
  <testcase classname="Testcase.Application_Test" name="testb" time="11.487"/>
  <system-out/>
  <testcase classname="Testcase.Application_Test" name="teste" time="11.843"/>
  <system-out/>
  <testcase classname="Testcase.Application_Test" name="testd" time="11.374"/>
  <system-out/>
  <testcase classname="Testcase.Application_Test" name="testc" time="11.543"/>
  <system-out/>
  <testcase classname="Testcase.Application_Test" name="testd" time="11.308"/>
  <system-out/>
  <testcase classname="Testcase.Application_Test" name="teste" time="11.541"/>
  <system-out/>
  <testcase classname="Testcase.Application_Test" name="testb" time="12.667"/>
  <system-out/>
  <testcase classname="Testcase.Application_Test" name="teste" time="11.455"/>
  <system-out/>
  <testcase classname="Testcase.Application_Test" name="testc" time="11.450"/>
  <system-out/>
  <testcase classname="Testcase.Application_Test" name="testc" time="11.566"/>
  <system-out/>
  <testcase classname="Testcase.Application_Test" name="testa" time="11.664"/>
  <system-out/>
  <testcase classname="Testcase.Application_Test" name="teste" time="11.542"/>
  <system-out/>
  <testcase classname="Testcase.Application_Test" name="testa" time="11.288"/>
  <system-out/>
  <testcase classname="Testcase.Application_Test" name="testa" time="11.654"/>
  <system-out/>
  <testcase classname="Testcase.Application_Test" name="testa" time="11.340"/>
  <system-out/>
  <testcase classname="Testcase.Application_Test" name="testc" time="11.471"/>
  <system-out/>
</testsuite> <!-- Testcase.Application_Test -->
