<?xml version="1.0" encoding="UTF-8"?>
<!-- Generated by org.testng.reporters.JUnitReportReporter -->
<testsuite hostname="LAPTOP-1GOPOLA3" failures="0" tests="1" name="Testngg.tnframework.LoginTest" time="0.000" errors="0" timestamp="2021-05-02T13:51:07 IST" skipped="1">
  <testcase classname="Testngg.tnframework.LoginTest" name="mailtest" time="0.000">
    <skipped/>
  </testcase> <!-- mailtest -->
  <system-out/>
</testsuite> <!-- Testngg.tnframework.LoginTest -->
