<?xml version="1.0" encoding="UTF-8"?>
<!-- Generated by org.testng.reporters.JUnitReportReporter -->
<testsuite hostname="LAPTOP-1GOPOLA3" failures="0" tests="2" name="Testngg.tnframework.ShoppingTest" time="2.914" errors="0" timestamp="2021-04-28T21:03:58 IST" skipped="0">
  <testcase classname="Testngg.tnframework.ShoppingTest" name="sorttest" time="0.277"/>
  <system-out/>
  <testcase classname="Testngg.tnframework.ShoppingTest" name="order" time="2.637"/>
  <system-out/>
</testsuite> <!-- Testngg.tnframework.ShoppingTest -->
